SF:lib/air_quality_waqi.dart
DA:18,0
DA:20,0
DA:33,1
DA:34,1
DA:36,1
DA:38,0
DA:40,0
DA:42,0
DA:44,0
DA:64,1
DA:90,1
DA:91,1
DA:92,4
DA:94,5
DA:96,6
DA:98,1
DA:99,6
DA:100,0
DA:102,1
DA:103,6
DA:104,0
DA:106,4
DA:108,3
DA:110,3
DA:112,1
DA:113,0
DA:115,1
DA:117,2
DA:118,5
DA:119,5
DA:120,5
DA:121,5
DA:122,5
DA:123,5
DA:124,5
DA:125,5
DA:126,5
DA:127,5
DA:128,5
DA:129,5
DA:133,0
DA:135,0
DA:137,0
DA:139,0
DA:141,0
DA:143,0
DA:145,0
DA:147,0
DA:149,0
DA:151,1
DA:153,4
DA:154,1
DA:155,1
DA:156,1
DA:157,2
DA:158,1
DA:159,2
DA:160,2
DA:161,2
DA:162,2
DA:163,2
DA:164,2
DA:165,2
DA:166,2
DA:167,2
DA:168,2
DA:169,2
DA:170,2
DA:171,1
DA:180,1
DA:183,1
DA:184,1
DA:187,1
DA:188,2
DA:191,1
DA:193,2
DA:196,0
DA:197,0
DA:200,1
DA:203,3
DA:206,2
DA:210,2
DA:211,2
DA:214,0
DA:215,0
DA:221,1
DA:223,1
DA:224,1
LF:88
LH:66
end_of_record
